# JRE version: Java(TM) SE Runtime Environment (8.0_281-b09) (build 1.8.0_281-b09)
# Java VM: Java HotSpot(TM) 64-Bit Server VM (25.281-b09 mixed mode windows-amd64 compressed oops)
Heap:
 PSYoungGen      total 166400K, used 57519K [0x00000000f5580000, 0x0000000100000000, 0x0000000100000000)
  eden space 158208K, 36% used [0x00000000f5580000,0x00000000f8dabe70,0x00000000ff000000)
  from space 8192K, 0% used [0x00000000ff800000,0x00000000ff800000,0x0000000100000000)
  to   space 8192K, 0% used [0x00000000ff000000,0x00000000ff000000,0x00000000ff800000)
 ParOldGen       total 94720K, used 20273K [0x00000000e0000000, 0x00000000e5c80000, 0x00000000f5580000)
  object space 94720K, 21% used [0x00000000e0000000,0x00000000e13cc7b0,0x00000000e5c80000)
 Metaspace       used 24384K, capacity 25168K, committed 25472K, reserved 1071104K
  class space    used 2889K, capacity 3080K, committed 3200K, reserved 1048576K
GC Heap History (10 events):
Event: 2.549 GC heap before
{Heap before GC invocations=1 (full 0):
 PSYoungGen      total 57344K, used 49152K [0x00000000f5580000, 0x00000000f9580000, 0x0000000100000000)
  eden space 49152K, 100% used [0x00000000f5580000,0x00000000f8580000,0x00000000f8580000)
  from space 8192K, 0% used [0x00000000f8d80000,0x00000000f8d80000,0x00000000f9580000)
  to   space 8192K, 0% used [0x00000000f8580000,0x00000000f8580000,0x00000000f8d80000)
 ParOldGen       total 131072K, used 0K [0x00000000e0000000, 0x00000000e8000000, 0x00000000f5580000)
  object space 131072K, 0% used [0x00000000e0000000,0x00000000e0000000,0x00000000e8000000)
 Metaspace       used 14140K, capacity 14360K, committed 14592K, reserved 1062912K
  class space    used 1643K, capacity 1712K, committed 1792K, reserved 1048576K
Event: 2.577 GC heap after
Heap after GC invocations=1 (full 0):
 PSYoungGen      total 57344K, used 8186K [0x00000000f5580000, 0x00000000fc580000, 0x0000000100000000)
  eden space 49152K, 0% used [0x00000000f5580000,0x00000000f5580000,0x00000000f8580000)
  from space 8192K, 99% used [0x00000000f8580000,0x00000000f8d7e800,0x00000000f8d80000)
  to   space 8192K, 0% used [0x00000000fbd80000,0x00000000fbd80000,0x00000000fc580000)
 ParOldGen       total 131072K, used 1634K [0x00000000e0000000, 0x00000000e8000000, 0x00000000f5580000)
  object space 131072K, 1% used [0x00000000e0000000,0x00000000e0198960,0x00000000e8000000)
 Metaspace       used 14140K, capacity 14360K, committed 14592K, reserved 1062912K
  class space    used 1643K, capacity 1712K, committed 1792K, reserved 1048576K
}
Event: 3.780 GC heap before
{Heap before GC invocations=2 (full 0):
 PSYoungGen      total 57344K, used 57338K [0x00000000f5580000, 0x00000000fc580000, 0x0000000100000000)
  eden space 49152K, 100% used [0x00000000f5580000,0x00000000f8580000,0x00000000f8580000)
  from space 8192K, 99% used [0x00000000f8580000,0x00000000f8d7e800,0x00000000f8d80000)
  to   space 8192K, 0% used [0x00000000fbd80000,0x00000000fbd80000,0x00000000fc580000)
 ParOldGen       total 131072K, used 1634K [0x00000000e0000000, 0x00000000e8000000, 0x00000000f5580000)
  object space 131072K, 1% used [0x00000000e0000000,0x00000000e0198960,0x00000000e8000000)
 Metaspace       used 16134K, capacity 16478K, committed 16768K, reserved 1064960K
  class space    used 1816K, capacity 1905K, committed 1920K, reserved 1048576K
Event: 3.801 GC heap after
Heap after GC invocations=2 (full 0):
 PSYoungGen      total 106496K, used 8176K [0x00000000f5580000, 0x00000000fc580000, 0x0000000100000000)
  eden space 98304K, 0% used [0x00000000f5580000,0x00000000f5580000,0x00000000fb580000)
  from space 8192K, 99% used [0x00000000fbd80000,0x00000000fc57c060,0x00000000fc580000)
  to   space 8192K, 0% used [0x00000000fb580000,0x00000000fb580000,0x00000000fbd80000)
 ParOldGen       total 131072K, used 9638K [0x00000000e0000000, 0x00000000e8000000, 0x00000000f5580000)
  object space 131072K, 7% used [0x00000000e0000000,0x00000000e0969a18,0x00000000e8000000)
 Metaspace       used 16134K, capacity 16478K, committed 16768K, reserved 1064960K
  class space    used 1816K, capacity 1905K, committed 1920K, reserved 1048576K
}
Event: 6.998 GC heap before
{Heap before GC invocations=3 (full 0):
 PSYoungGen      total 106496K, used 106480K [0x00000000f5580000, 0x00000000fc580000, 0x0000000100000000)
  eden space 98304K, 100% used [0x00000000f5580000,0x00000000fb580000,0x00000000fb580000)
  from space 8192K, 99% used [0x00000000fbd80000,0x00000000fc57c060,0x00000000fc580000)
  to   space 8192K, 0% used [0x00000000fb580000,0x00000000fb580000,0x00000000fbd80000)
 ParOldGen       total 131072K, used 9638K [0x00000000e0000000, 0x00000000e8000000, 0x00000000f5580000)
  object space 131072K, 7% used [0x00000000e0000000,0x00000000e0969a18,0x00000000e8000000)
 Metaspace       used 20431K, capacity 20820K, committed 20992K, reserved 1067008K
  class space    used 2369K, capacity 2498K, committed 2560K, reserved 1048576K
Event: 7.049 GC heap after
Heap after GC invocations=3 (full 0):
 PSYoungGen      total 106496K, used 8183K [0x00000000f5580000, 0x0000000100000000, 0x0000000100000000)
  eden space 98304K, 0% used [0x00000000f5580000,0x00000000f5580000,0x00000000fb580000)
  from space 8192K, 99% used [0x00000000fb580000,0x00000000fbd7df40,0x00000000fbd80000)
  to   space 8192K, 0% used [0x00000000ff800000,0x00000000ff800000,0x0000000100000000)
 ParOldGen       total 131072K, used 20852K [0x00000000e0000000, 0x00000000e8000000, 0x00000000f5580000)
  object space 131072K, 15% used [0x00000000e0000000,0x00000000e145d3f0,0x00000000e8000000)
 Metaspace       used 20431K, capacity 20820K, committed 20992K, reserved 1067008K
  class space    used 2369K, capacity 2498K, committed 2560K, reserved 1048576K
}
Event: 7.202 GC heap before
{Heap before GC invocations=4 (full 0):
 PSYoungGen      total 106496K, used 14648K [0x00000000f5580000, 0x0000000100000000, 0x0000000100000000)
  eden space 98304K, 6% used [0x00000000f5580000,0x00000000f5bd02e8,0x00000000fb580000)
  from space 8192K, 99% used [0x00000000fb580000,0x00000000fbd7df40,0x00000000fbd80000)
  to   space 8192K, 0% used [0x00000000ff800000,0x00000000ff800000,0x0000000100000000)
 ParOldGen       total 131072K, used 20852K [0x00000000e0000000, 0x00000000e8000000, 0x00000000f5580000)
  object space 131072K, 15% used [0x00000000e0000000,0x00000000e145d3f0,0x00000000e8000000)
 Metaspace       used 20708K, capacity 21110K, committed 21248K, reserved 1069056K
  class space    used 2409K, capacity 2531K, committed 2560K, reserved 1048576K
Event: 7.251 GC heap after
Heap after GC invocations=4 (full 0):
 PSYoungGen      total 166400K, used 8167K [0x00000000f5580000, 0x0000000100000000, 0x0000000100000000)
  eden space 158208K, 0% used [0x00000000f5580000,0x00000000f5580000,0x00000000ff000000)
  from space 8192K, 99% used [0x00000000ff800000,0x00000000ffff9f70,0x0000000100000000)
  to   space 8192K, 0% used [0x00000000ff000000,0x00000000ff000000,0x00000000ff800000)
 ParOldGen       total 131072K, used 21862K [0x00000000e0000000, 0x00000000e8000000, 0x00000000f5580000)
  object space 131072K, 16% used [0x00000000e0000000,0x00000000e1559a20,0x00000000e8000000)
 Metaspace       used 20708K, capacity 21110K, committed 21248K, reserved 1069056K
  class space    used 2409K, capacity 2531K, committed 2560K, reserved 1048576K
}
Event: 7.251 GC heap before
{Heap before GC invocations=5 (full 1):
 PSYoungGen      total 166400K, used 8167K [0x00000000f5580000, 0x0000000100000000, 0x0000000100000000)
  eden space 158208K, 0% used [0x00000000f5580000,0x00000000f5580000,0x00000000ff000000)
  from space 8192K, 99% used [0x00000000ff800000,0x00000000ffff9f70,0x0000000100000000)
  to   space 8192K, 0% used [0x00000000ff000000,0x00000000ff000000,0x00000000ff800000)
 ParOldGen       total 131072K, used 21862K [0x00000000e0000000, 0x00000000e8000000, 0x00000000f5580000)
  object space 131072K, 16% used [0x00000000e0000000,0x00000000e1559a20,0x00000000e8000000)
 Metaspace       used 20708K, capacity 21110K, committed 21248K, reserved 1069056K
  class space    used 2409K, capacity 2531K, committed 2560K, reserved 1048576K
Event: 7.393 GC heap after
Heap after GC invocations=5 (full 1):
 PSYoungGen      total 166400K, used 0K [0x00000000f5580000, 0x0000000100000000, 0x0000000100000000)
  eden space 158208K, 0% used [0x00000000f5580000,0x00000000f5580000,0x00000000ff000000)
  from space 8192K, 0% used [0x00000000ff800000,0x00000000ff800000,0x0000000100000000)
  to   space 8192K, 0% used [0x00000000ff000000,0x00000000ff000000,0x00000000ff800000)
 ParOldGen       total 94720K, used 20273K [0x00000000e0000000, 0x00000000e5c80000, 0x00000000f5580000)
  object space 94720K, 21% used [0x00000000e0000000,0x00000000e13cc7b0,0x00000000e5c80000)
 Metaspace       used 20708K, capacity 21110K, committed 21248K, reserved 1069056K
  class space    used 2409K, capacity 2531K, committed 2560K, reserved 1048576K
}

